mode: set
Clase_2_1/internal/transactions/repository.go:34.47,38.2 1 1
Clase_2_1/internal/transactions/repository.go:40.65,44.2 2 1
Clase_2_1/internal/transactions/repository.go:46.44,50.16 3 0
Clase_2_1/internal/transactions/repository.go:53.2,53.18 1 0
Clase_2_1/internal/transactions/repository.go:57.2,57.30 1 0
Clase_2_1/internal/transactions/repository.go:50.16,52.3 1 0
Clase_2_1/internal/transactions/repository.go:53.18,55.3 1 0
Clase_2_1/internal/transactions/repository.go:60.133,66.16 4 1
Clase_2_1/internal/transactions/repository.go:70.2,73.39 3 1
Clase_2_1/internal/transactions/repository.go:77.2,77.15 1 1
Clase_2_1/internal/transactions/repository.go:66.16,68.3 1 0
Clase_2_1/internal/transactions/repository.go:73.39,75.3 1 0
Clase_2_1/internal/transactions/repository.go:80.134,86.16 5 1
Clase_2_1/internal/transactions/repository.go:90.2,90.20 1 1
Clase_2_1/internal/transactions/repository.go:98.2,98.14 1 1
Clase_2_1/internal/transactions/repository.go:102.2,102.39 1 1
Clase_2_1/internal/transactions/repository.go:105.2,105.15 1 1
Clase_2_1/internal/transactions/repository.go:86.16,88.3 1 0
Clase_2_1/internal/transactions/repository.go:90.20,91.21 1 1
Clase_2_1/internal/transactions/repository.go:91.21,95.4 3 1
Clase_2_1/internal/transactions/repository.go:98.14,100.3 1 0
Clase_2_1/internal/transactions/repository.go:102.39,104.3 1 0
Clase_2_1/internal/transactions/repository.go:108.100,115.16 6 1
Clase_2_1/internal/transactions/repository.go:119.2,119.20 1 1
Clase_2_1/internal/transactions/repository.go:128.2,128.13 1 1
Clase_2_1/internal/transactions/repository.go:132.2,132.39 1 1
Clase_2_1/internal/transactions/repository.go:136.2,136.15 1 1
Clase_2_1/internal/transactions/repository.go:115.16,117.3 1 0
Clase_2_1/internal/transactions/repository.go:119.20,120.21 1 1
Clase_2_1/internal/transactions/repository.go:120.21,126.4 5 1
Clase_2_1/internal/transactions/repository.go:128.13,130.3 1 0
Clase_2_1/internal/transactions/repository.go:132.39,134.3 1 0
Clase_2_1/internal/transactions/repository.go:139.43,145.16 5 1
Clase_2_1/internal/transactions/repository.go:149.2,149.20 1 1
Clase_2_1/internal/transactions/repository.go:156.2,156.14 1 1
Clase_2_1/internal/transactions/repository.go:159.2,161.39 2 1
Clase_2_1/internal/transactions/repository.go:165.2,165.12 1 1
Clase_2_1/internal/transactions/repository.go:145.16,147.3 1 0
Clase_2_1/internal/transactions/repository.go:149.20,150.21 1 1
Clase_2_1/internal/transactions/repository.go:150.21,154.4 3 1
Clase_2_1/internal/transactions/repository.go:156.14,158.3 1 0
Clase_2_1/internal/transactions/repository.go:161.39,163.3 1 0
Clase_2_1/internal/transactions/service.go:15.39,19.2 1 0
Clase_2_1/internal/transactions/service.go:21.51,23.16 2 0
Clase_2_1/internal/transactions/service.go:26.2,26.16 1 0
Clase_2_1/internal/transactions/service.go:23.16,25.3 1 0
Clase_2_1/internal/transactions/service.go:29.130,31.16 2 0
Clase_2_1/internal/transactions/service.go:34.2,34.25 1 0
Clase_2_1/internal/transactions/service.go:31.16,33.3 1 0
Clase_2_1/internal/transactions/service.go:37.131,39.2 1 0
Clase_2_1/internal/transactions/service.go:41.97,43.2 1 0
Clase_2_1/internal/transactions/service.go:45.40,47.2 1 0
