mode: set
github.com/fzunda/backpack-bcgow6-agustin-zunda/internal/products/repository.go:19.43,21.2 1 1
github.com/fzunda/backpack-bcgow6-agustin-zunda/internal/products/repository.go:27.69,29.16 2 1
github.com/fzunda/backpack-bcgow6-agustin-zunda/internal/products/repository.go:33.2,37.16 4 1
github.com/fzunda/backpack-bcgow6-agustin-zunda/internal/products/repository.go:40.2,40.18 1 1
github.com/fzunda/backpack-bcgow6-agustin-zunda/internal/products/repository.go:29.16,31.3 1 0
github.com/fzunda/backpack-bcgow6-agustin-zunda/internal/products/repository.go:37.16,39.3 1 0
github.com/fzunda/backpack-bcgow6-agustin-zunda/internal/products/repository.go:43.73,45.16 2 1
github.com/fzunda/backpack-bcgow6-agustin-zunda/internal/products/repository.go:49.2,52.16 4 1
github.com/fzunda/backpack-bcgow6-agustin-zunda/internal/products/repository.go:55.2,58.18 3 1
github.com/fzunda/backpack-bcgow6-agustin-zunda/internal/products/repository.go:45.16,47.3 1 0
github.com/fzunda/backpack-bcgow6-agustin-zunda/internal/products/repository.go:52.16,54.3 1 1
github.com/fzunda/backpack-bcgow6-agustin-zunda/internal/products/repository.go:61.57,65.16 3 1
github.com/fzunda/backpack-bcgow6-agustin-zunda/internal/products/repository.go:71.2,71.18 1 1
github.com/fzunda/backpack-bcgow6-agustin-zunda/internal/products/repository.go:79.2,79.22 1 1
github.com/fzunda/backpack-bcgow6-agustin-zunda/internal/products/repository.go:65.16,68.3 1 1
github.com/fzunda/backpack-bcgow6-agustin-zunda/internal/products/repository.go:71.18,73.95 2 1
github.com/fzunda/backpack-bcgow6-agustin-zunda/internal/products/repository.go:77.3,77.36 1 1
github.com/fzunda/backpack-bcgow6-agustin-zunda/internal/products/repository.go:73.95,76.4 2 0
github.com/fzunda/backpack-bcgow6-agustin-zunda/internal/products/repository.go:82.120,85.16 2 1
github.com/fzunda/backpack-bcgow6-agustin-zunda/internal/products/repository.go:89.2,92.16 4 0
github.com/fzunda/backpack-bcgow6-agustin-zunda/internal/products/repository.go:95.2,95.18 1 0
github.com/fzunda/backpack-bcgow6-agustin-zunda/internal/products/repository.go:85.16,87.3 1 1
github.com/fzunda/backpack-bcgow6-agustin-zunda/internal/products/repository.go:92.16,94.3 1 0
github.com/fzunda/backpack-bcgow6-agustin-zunda/internal/products/repository.go:98.43,100.16 2 1
github.com/fzunda/backpack-bcgow6-agustin-zunda/internal/products/repository.go:103.2,105.16 3 1
github.com/fzunda/backpack-bcgow6-agustin-zunda/internal/products/repository.go:109.2,109.12 1 1
github.com/fzunda/backpack-bcgow6-agustin-zunda/internal/products/repository.go:100.16,102.3 1 0
github.com/fzunda/backpack-bcgow6-agustin-zunda/internal/products/repository.go:105.16,107.3 1 1
github.com/fzunda/backpack-bcgow6-agustin-zunda/internal/products/service.go:17.39,21.2 1 0
github.com/fzunda/backpack-bcgow6-agustin-zunda/internal/products/service.go:23.66,25.2 1 0
github.com/fzunda/backpack-bcgow6-agustin-zunda/internal/products/service.go:27.70,29.2 1 0
github.com/fzunda/backpack-bcgow6-agustin-zunda/internal/products/service.go:31.54,33.2 1 0
github.com/fzunda/backpack-bcgow6-agustin-zunda/internal/products/service.go:35.117,37.2 1 0
github.com/fzunda/backpack-bcgow6-agustin-zunda/internal/products/service.go:39.40,41.16 2 0
github.com/fzunda/backpack-bcgow6-agustin-zunda/internal/products/service.go:44.2,44.12 1 0
github.com/fzunda/backpack-bcgow6-agustin-zunda/internal/products/service.go:41.16,43.3 1 0
